<?xml version="1.0" encoding="UTF-8"?>
<!-- Generated by org.testng.reporters.JUnitReportReporter -->
<testsuite hostname="LAPTOP-TJC1MEID" failures="0" tests="6" name="api.test.DDTests" time="18.446" errors="0" timestamp="2023-07-26T17:52:34 IST" skipped="0">
  <testcase classname="api.test.DDTests" name="testPostuser" time="1.121"/>
  <system-out/>
  <testcase classname="api.test.DDTests" name="testPostuser" time="1.179"/>
  <system-out/>
  <testcase classname="api.test.DDTests" name="testPostuser" time="12.746"/>
  <system-out/>
  <testcase classname="api.test.DDTests" name="testDeleteUserByName" time="1.142"/>
  <system-out/>
  <testcase classname="api.test.DDTests" name="testDeleteUserByName" time="1.113"/>
  <system-out/>
  <testcase classname="api.test.DDTests" name="testDeleteUserByName" time="1.145"/>
  <system-out/>
</testsuite> <!-- api.test.DDTests -->
