<?xml version="1.0" encoding="UTF-8"?>
<!-- Generated by org.testng.reporters.JUnitReportReporter -->
<testsuite hostname="LAPTOP-TJC1MEID" failures="0" tests="4" name="api.test.UserTests" time="9.157" errors="0" timestamp="2023-07-26T18:23:58 IST" skipped="0">
  <testcase classname="api.test.UserTests" name="testPostUser" time="4.644"/>
  <system-out/>
  <testcase classname="api.test.UserTests" name="testGetUserByName" time="1.239"/>
  <system-out/>
  <testcase classname="api.test.UserTests" name="testUpdateUserByName" time="2.176"/>
  <system-out/>
  <testcase classname="api.test.UserTests" name="testDeleteUserByName" time="1.098"/>
  <system-out/>
</testsuite> <!-- api.test.UserTests -->
