<?xml version="1.0" encoding="UTF-8"?>
<!-- Generated by org.testng.reporters.JUnitReportReporter -->
<testsuite hostname="LAPTOP-TJC1MEID" failures="0" tests="4" name="api.test.UserTests2" time="14.191" errors="0" timestamp="2023-07-27T10:56:00 IST" skipped="0">
  <testcase classname="api.test.UserTests2" name="testPostUser" time="9.488"/>
  <system-out/>
  <testcase classname="api.test.UserTests2" name="testGetUserByName" time="1.246"/>
  <system-out/>
  <testcase classname="api.test.UserTests2" name="testUpdateUserByName" time="2.314"/>
  <system-out/>
  <testcase classname="api.test.UserTests2" name="testDeleteUserByName" time="1.143"/>
  <system-out/>
</testsuite> <!-- api.test.UserTests2 -->
